
=== stage: 1 users (45s, spawn 1/s) ===
[2026-07-16 23:29:21,169] macbookpro/INFO/locust.main: Starting Locust 2.45.0
[2026-07-16 23:29:21,188] macbookpro/INFO/locust.main: Run time limit set to 45 seconds
[2026-07-16 23:29:21,188] macbookpro/INFO/locust.runners: Ramping to 1 users at a rate of 1.00 per second
[2026-07-16 23:29:21,188] macbookpro/INFO/locust.runners: All users spawned: {"SeoVisitor": 1, "StreamlitVisitor": 0} (1 total users)
[2026-07-16 23:30:06,005] macbookpro/INFO/locust.main: --run-time limit reached, shutting down
[2026-07-16 23:30:08,255] macbookpro/INFO/locust.main: Shutting down (exit code 0)
Type     Name                                                                          # reqs      # fails |    Avg     Min     Max    Med |   req/s  failures/s
--------|----------------------------------------------------------------------------|-------|-------------|-------|-------|-------|-------|--------|-----------
GET      /signal/{id}                                                                       3     0(0.00%) |   4129    4076    4195   4100 |    0.06        0.00
GET      /signals/report                                                                    1     0(0.00%) |   4161    4161    4161   4161 |    0.02        0.00
GET      /sitemap.xml                                                                       1     0(0.00%) |    478     478     478    478 |    0.02        0.00
GET      /ticker/{symbol}                                                                   4     0(0.00%) |   4359    4345    4383   4345 |    0.08        0.00
--------|----------------------------------------------------------------------------|-------|-------------|-------|-------|-------|-------|--------|-----------
         Aggregated                                                                         9     0(0.00%) |   3829     478    4383   4200 |    0.19        0.00

Response time percentiles (approximated)
Type     Name                                                                                  50%    66%    75%    80%    90%    95%    98%    99%  99.9% 99.99%   100% # reqs
--------|--------------------------------------------------------------------------------|--------|------|------|------|------|------|------|------|------|------|------|------
GET      /signal/{id}                                                                         4100   4100   4200   4200   4200   4200   4200   4200   4200   4200   4200      3
GET      /signals/report                                                                      4200   4200   4200   4200   4200   4200   4200   4200   4200   4200   4200      1
GET      /sitemap.xml                                                                          480    480    480    480    480    480    480    480    480    480    480      1
GET      /ticker/{symbol}                                                                     4400   4400   4400   4400   4400   4400   4400   4400   4400   4400   4400      4
--------|--------------------------------------------------------------------------------|--------|------|------|------|------|------|------|------|------|------|------|------
         Aggregated                                                                           4200   4300   4300   4400   4400   4400   4400   4400   4400   4400   4400      9


=== stage: 5 users (45s, spawn 1/s) ===
[2026-07-16 23:30:08,949] macbookpro/INFO/locust.main: Starting Locust 2.45.0
[2026-07-16 23:30:08,951] macbookpro/INFO/locust.main: Run time limit set to 45 seconds
[2026-07-16 23:30:08,951] macbookpro/INFO/locust.runners: Ramping to 5 users at a rate of 1.00 per second
[2026-07-16 23:30:12,964] macbookpro/INFO/locust.runners: All users spawned: {"SeoVisitor": 3, "StreamlitVisitor": 2} (5 total users)
[2026-07-16 23:30:53,762] macbookpro/INFO/locust.main: --run-time limit reached, shutting down
[2026-07-16 23:30:57,837] macbookpro/INFO/locust.main: Shutting down (exit code 0)
Type     Name                                                                          # reqs      # fails |    Avg     Min     Max    Med |   req/s  failures/s
--------|----------------------------------------------------------------------------|-------|-------------|-------|-------|-------|-------|--------|-----------
GET      /healthz                                                                           2     0(0.00%) |    165     130     200    130 |    0.04        0.00
GET      /readyz                                                                            1     0(0.00%) |    830     830     830    830 |    0.02        0.00
GET      /signal/{id}                                                                       6     0(0.00%) |   4122    4020    4244   4100 |    0.12        0.00
GET      /signals/report                                                                    3     0(0.00%) |   4125    4031    4268   4100 |    0.06        0.00
GET      /sitemap.xml                                                                       3     0(0.00%) |    141     133     149    140 |    0.06        0.00
GET      /ticker/{symbol}                                                                  13     0(0.00%) |   4473    4353    4795   4400 |    0.27        0.00
GET      [st] /                                                                            22     0(0.00%) |    151      93     454    130 |    0.45        0.00
GET      [st] /_stcore/health                                                              20     0(0.00%) |    140      96     323    120 |    0.41        0.00
--------|----------------------------------------------------------------------------|-------|-------------|-------|-------|-------|-------|--------|-----------
         Aggregated                                                                        70     0(0.00%) |   1471      93    4795    130 |    1.43        0.00

Response time percentiles (approximated)
Type     Name                                                                                  50%    66%    75%    80%    90%    95%    98%    99%  99.9% 99.99%   100% # reqs
--------|--------------------------------------------------------------------------------|--------|------|------|------|------|------|------|------|------|------|------|------
GET      /healthz                                                                              200    200    200    200    200    200    200    200    200    200    200      2
GET      /readyz                                                                               830    830    830    830    830    830    830    830    830    830    830      1
GET      /signal/{id}                                                                         4100   4100   4200   4200   4200   4200   4200   4200   4200   4200   4200      6
GET      /signals/report                                                                      4100   4100   4300   4300   4300   4300   4300   4300   4300   4300   4300      3
GET      /sitemap.xml                                                                          140    140    150    150    150    150    150    150    150    150    150      3
GET      /ticker/{symbol}                                                                     4400   4500   4500   4500   4700   4800   4800   4800   4800   4800   4800     13
GET      [st] /                                                                                130    130    130    130    140    440    450    450    450    450    450     22
GET      [st] /_stcore/health                                                                  120    130    140    150    300    320    320    320    320    320    320     20
--------|--------------------------------------------------------------------------------|--------|------|------|------|------|------|------|------|------|------|------|------
         Aggregated                                                                            140    450   4100   4300   4400   4500   4700   4800   4800   4800   4800     70


=== stage: 10 users (45s, spawn 2/s) ===
[2026-07-16 23:30:58,604] macbookpro/INFO/locust.main: Starting Locust 2.45.0
[2026-07-16 23:30:58,606] macbookpro/INFO/locust.main: Run time limit set to 45 seconds
[2026-07-16 23:30:58,606] macbookpro/INFO/locust.runners: Ramping to 10 users at a rate of 2.00 per second
[2026-07-16 23:31:02,627] macbookpro/INFO/locust.runners: All users spawned: {"SeoVisitor": 5, "StreamlitVisitor": 5} (10 total users)
[2026-07-16 23:31:43,395] macbookpro/INFO/locust.main: --run-time limit reached, shutting down
[2026-07-16 23:31:47,435] macbookpro/INFO/locust.main: Shutting down (exit code 0)
Type     Name                                                                          # reqs      # fails |    Avg     Min     Max    Med |   req/s  failures/s
--------|----------------------------------------------------------------------------|-------|-------------|-------|-------|-------|-------|--------|-----------
GET      /readyz                                                                            5     0(0.00%) |    397     372     454    380 |    0.10        0.00
GET      /signal/{id}                                                                      10     0(0.00%) |   4158    4067    4306   4100 |    0.20        0.00
GET      /signals/report                                                                    4     0(0.00%) |   4338    4175    4589   4300 |    0.08        0.00
GET      /sitemap.xml                                                                       2     0(0.00%) |    345     246     444    250 |    0.04        0.00
GET      /ticker/{symbol}                                                                  23     0(0.00%) |   4470    4287    4638   4500 |    0.47        0.00
GET      [st] /                                                                            50     0(0.00%) |    123      95     269    120 |    1.02        0.00
GET      [st] /_stcore/health                                                              57     0(0.00%) |    119      94     251    110 |    1.17        0.00
--------|----------------------------------------------------------------------------|-------|-------------|-------|-------|-------|-------|--------|-----------
         Aggregated                                                                       151     0(0.00%) |   1174      94    4638    120 |    3.09        0.00

Response time percentiles (approximated)
Type     Name                                                                                  50%    66%    75%    80%    90%    95%    98%    99%  99.9% 99.99%   100% # reqs
--------|--------------------------------------------------------------------------------|--------|------|------|------|------|------|------|------|------|------|------|------
GET      /readyz                                                                               380    400    400    450    450    450    450    450    450    450    450      5
GET      /signal/{id}                                                                         4100   4200   4200   4200   4300   4300   4300   4300   4300   4300   4300     10
GET      /signals/report                                                                      4300   4300   4600   4600   4600   4600   4600   4600   4600   4600   4600      4
GET      /sitemap.xml                                                                          440    440    440    440    440    440    440    440    440    440    440      2
GET      /ticker/{symbol}                                                                     4500   4600   4600   4600   4600   4600   4600   4600   4600   4600   4600     23
GET      [st] /                                                                                120    120    120    130    150    190    270    270    270    270    270     50
GET      [st] /_stcore/health                                                                  110    120    120    120    140    180    190    250    250    250    250     57
--------|--------------------------------------------------------------------------------|--------|------|------|------|------|------|------|------|------|------|------|------
         Aggregated                                                                            120    170    450   4200   4500   4600   4600   4600   4600   4600   4600    151


=== stage: 25 users (45s, spawn 5/s) ===
[2026-07-16 23:31:48,143] macbookpro/INFO/locust.main: Starting Locust 2.45.0
[2026-07-16 23:31:48,146] macbookpro/INFO/locust.main: Run time limit set to 45 seconds
[2026-07-16 23:31:48,146] macbookpro/INFO/locust.runners: Ramping to 25 users at a rate of 5.00 per second
[2026-07-16 23:31:52,166] macbookpro/INFO/locust.runners: All users spawned: {"SeoVisitor": 13, "StreamlitVisitor": 12} (25 total users)
[2026-07-16 23:32:32,946] macbookpro/INFO/locust.main: --run-time limit reached, shutting down
[2026-07-16 23:32:36,897] macbookpro/INFO/locust.main: Shutting down (exit code 0)
Type     Name                                                                          # reqs      # fails |    Avg     Min     Max    Med |   req/s  failures/s
--------|----------------------------------------------------------------------------|-------|-------------|-------|-------|-------|-------|--------|-----------
GET      /healthz                                                                           6     0(0.00%) |    124      99     188    110 |    0.12        0.00
GET      /readyz                                                                            7     0(0.00%) |    455     366     794    390 |    0.14        0.00
GET      /signal/{id}                                                                      23     0(0.00%) |   4164    3916    4733   4100 |    0.47        0.00
GET      /signals/report                                                                   13     0(0.00%) |   4135    3883    4490   4000 |    0.27        0.00
GET      /sitemap.xml                                                                      14     0(0.00%) |    194     113     310    190 |    0.29        0.00
GET      /ticker/{symbol}                                                                  57     0(0.00%) |   4389    4158    4918   4300 |    1.17        0.00
GET      [st] /                                                                           151     0(0.00%) |    117      92     320    110 |    3.10        0.00
GET      [st] /_stcore/health                                                             100     0(0.00%) |    121      91     340    110 |    2.05        0.00
--------|----------------------------------------------------------------------------|-------|-------------|-------|-------|-------|-------|--------|-----------
         Aggregated                                                                       371     0(0.00%) |   1176      91    4918    120 |    7.61        0.00

Response time percentiles (approximated)
Type     Name                                                                                  50%    66%    75%    80%    90%    95%    98%    99%  99.9% 99.99%   100% # reqs
--------|--------------------------------------------------------------------------------|--------|------|------|------|------|------|------|------|------|------|------|------
GET      /healthz                                                                              110    110    140    140    190    190    190    190    190    190    190      6
GET      /readyz                                                                               390    400    480    480    790    790    790    790    790    790    790      7
GET      /signal/{id}                                                                         4100   4300   4300   4300   4500   4500   4700   4700   4700   4700   4700     23
GET      /signals/report                                                                      4000   4200   4300   4400   4400   4500   4500   4500   4500   4500   4500     13
GET      /sitemap.xml                                                                          200    260    260    260    290    310    310    310    310    310    310     14
GET      /ticker/{symbol}                                                                     4300   4400   4400   4500   4700   4800   4800   4900   4900   4900   4900     57
GET      [st] /                                                                                110    110    120    120    140    170    250    290    320    320    320    151
GET      [st] /_stcore/health                                                                  110    120    120    120    150    200    310    340    340    340    340    100
--------|--------------------------------------------------------------------------------|--------|------|------|------|------|------|------|------|------|------|------|------
         Aggregated                                                                            120    170   3900   4100   4300   4400   4600   4800   4900   4900   4900    371


=== stage: 50 users (45s, spawn 10/s) ===
[2026-07-16 23:32:39,566] macbookpro/INFO/locust.main: Starting Locust 2.45.0
[2026-07-16 23:32:39,575] macbookpro/INFO/locust.main: Run time limit set to 45 seconds
[2026-07-16 23:32:39,577] macbookpro/INFO/locust.runners: Ramping to 50 users at a rate of 10.00 per second
[2026-07-16 23:32:43,589] macbookpro/INFO/locust.runners: All users spawned: {"SeoVisitor": 25, "StreamlitVisitor": 25} (50 total users)
[2026-07-16 23:33:23,983] macbookpro/INFO/locust.main: --run-time limit reached, shutting down
[2026-07-16 23:33:29,085] macbookpro/INFO/locust.main: Shutting down (exit code 0)
Type     Name                                                                          # reqs      # fails |    Avg     Min     Max    Med |   req/s  failures/s
--------|----------------------------------------------------------------------------|-------|-------------|-------|-------|-------|-------|--------|-----------
GET      /healthz                                                                          10     0(0.00%) |    123      96     189    120 |    0.20        0.00
GET      /readyz                                                                            9     0(0.00%) |    917     383    1764    740 |    0.18        0.00
GET      /signal/{id}                                                                      58     0(0.00%) |   4608    3790    7290   4400 |    1.17        0.00
GET      /signals/report                                                                   20     0(0.00%) |   4784    3998    6052   4400 |    0.40        0.00
GET      /sitemap.xml                                                                      26     0(0.00%) |    198     112     510    140 |    0.53        0.00
GET      /ticker/{symbol}                                                                  91     0(0.00%) |   4905    4138    7933   4700 |    1.84        0.00
GET      [st] /                                                                           317     0(0.00%) |    115      92     379    110 |    6.40        0.00
GET      [st] /_stcore/health                                                             200     0(0.00%) |    119      92     339    110 |    4.04        0.00
--------|----------------------------------------------------------------------------|-------|-------------|-------|-------|-------|-------|--------|-----------
         Aggregated                                                                       731     0(0.00%) |   1209      92    7933    110 |   14.77        0.00

Response time percentiles (approximated)
Type     Name                                                                                  50%    66%    75%    80%    90%    95%    98%    99%  99.9% 99.99%   100% # reqs
--------|--------------------------------------------------------------------------------|--------|------|------|------|------|------|------|------|------|------|------|------
GET      /healthz                                                                              120    120    140    150    190    190    190    190    190    190    190     10
GET      /readyz                                                                               740    980   1200   1400   1800   1800   1800   1800   1800   1800   1800      9
GET      /signal/{id}                                                                         4400   4600   4900   5000   5800   6100   7100   7300   7300   7300   7300     58
GET      /signals/report                                                                      4600   5100   5400   5500   6000   6100   6100   6100   6100   6100   6100     20
GET      /sitemap.xml                                                                          150    250    260    260    330    350    510    510    510    510    510     26
GET      /ticker/{symbol}                                                                     4700   5100   5200   5300   5600   6200   7200   7900   7900   7900   7900     91
GET      [st] /                                                                                110    110    120    120    130    170    250    270    380    380    380    317
GET      [st] /_stcore/health                                                                  110    110    120    130    150    220    250    270    340    340    340    200
--------|--------------------------------------------------------------------------------|--------|------|------|------|------|------|------|------|------|------|------|------
         Aggregated                                                                            110    140    330   4200   4700   5200   5800   6100   7900   7900   7900    731



================  RAMP SUMMARY  ================
users    reqs  fails     rps     p50      p95      p99      max
---------------------------------------------------------------
    1       8      0     0.2    4300     4400     4400 4383.120540995151
    5      69      0     1.5     130     4500     4800 4795.820500003174
   10     149      0     3.1     120     4600     4600 4638.657749979757
   25     370      0     7.7     120     4400     4800 4918.875250034034
   50     729      0    14.9     110     5200     6100 7933.7851669988595
